<?xml version="1.0" encoding="utf-8" standalone="no"?>
<test-results xmlns:xsi="http://www.w3.org/2001/XMLSchema-instance" xsi:noNamespaceSchemaLocation="nunit_schema_2.5.xsd" name="Pester" total="35" errors="0" failures="0" not-run="1" inconclusive="0" ignored="0" skipped="0" invalid="0" date="2022-06-11" time="00:41:01">
  <environment clr-version="4.0.30319.42000" user-domain="fv-az252-658" cwd="D:\a\vcredist\vcredist" platform="Microsoft Windows Server 2022 Datacenter|C:\Windows|\Device\Harddisk0\Partition2" machine-name="fv-az252-658" nunit-version="2.5.8.0" os-version="10.0.20348" user="runneradmin" />
  <culture-info current-culture="en-US" current-uiculture="en-US" />
  <test-suite type="TestFixture" name="Pester" executed="True" result="Success" success="True" time="232.8219" asserts="0" description="Pester">
    <results>
      <test-suite type="TestFixture" name="D:\a\vcredist\vcredist\tests\Module.Tests.ps1" executed="True" result="Success" success="True" time="3.1036" asserts="0" description="D:\a\vcredist\vcredist\tests\Module.Tests.ps1">
        <results>
          <test-suite type="TestFixture" name="Module Metadata validation" executed="True" result="Success" success="True" time="1.2863" asserts="0" description="Module Metadata validation">
            <results>
              <test-suite type="TestFixture" name="Module Metadata validation.File info" executed="True" result="Success" success="True" time="1.1436" asserts="0" description="Module Metadata validation.File info">
                <results>
                  <test-case description="Script fileinfo should be OK" name="Module Metadata validation.File info.Script fileinfo should be OK" time="0.6365" asserts="0" success="True" result="Success" executed="True" />
                  <test-case description="Import module should be OK" name="Module Metadata validation.File info.Import module should be OK" time="0.0568" asserts="0" success="True" result="Success" executed="True" />
                </results>
              </test-suite>
            </results>
          </test-suite>
        </results>
      </test-suite>
      <test-suite type="TestFixture" name="D:\a\vcredist\vcredist\tests\PrivateFunctions.Tests.ps1" executed="True" result="Success" success="True" time="2.3148" asserts="0" description="D:\a\vcredist\vcredist\tests\PrivateFunctions.Tests.ps1">
        <results>
          <test-suite type="TestFixture" name="New-MdtApplicationFolder" executed="True" result="Success" success="True" time="1.5842" asserts="0" description="New-MdtApplicationFolder">
            <results>
              <test-suite type="TestFixture" name="New-MdtApplicationFolder.Application folder exists" executed="True" result="Success" success="True" time="1.4588" asserts="0" description="New-MdtApplicationFolder.Application folder exists">
                <results>
                  <test-case description="Returns True if the Application folder exists" name="New-MdtApplicationFolder.Application folder exists.Returns True if the Application folder exists" time="1.4524" asserts="0" success="True" result="Success" executed="True" />
                </results>
              </test-suite>
              <test-suite type="TestFixture" name="New-MdtApplicationFolder.Creates a new Packages folder" executed="True" result="Success" success="True" time="1.5781" asserts="0" description="New-MdtApplicationFolder.Creates a new Packages folder">
                <results>
                  <test-case description="Successfully creates a Application folder" name="New-MdtApplicationFolder.Creates a new Packages folder.Successfully creates a Application folder" time="0.1101" asserts="0" success="True" result="Success" executed="True" />
                </results>
              </test-suite>
            </results>
          </test-suite>
          <test-suite type="TestFixture" name="Test-PSCore" executed="True" result="Success" success="True" time="1.6641" asserts="0" description="Test-PSCore">
            <results>
              <test-suite type="TestFixture" name="Test-PSCore.Tests whether we are running on PowerShell Core" executed="True" result="Success" success="True" time="0.012" asserts="0" description="Test-PSCore.Tests whether we are running on PowerShell Core">
                <results>
                  <test-case description="Imports the MDT PowerShell module and returns True" name="Test-PSCore.Tests whether we are running on PowerShell Core.Imports the MDT PowerShell module and returns True" time="0.0064" asserts="0" success="True" result="Success" executed="True" />
                </results>
              </test-suite>
              <test-suite type="TestFixture" name="Test-PSCore.Tests whether we are running on Windows PowerShell" executed="True" result="Success" success="True" time="0.0737" asserts="0" description="Test-PSCore.Tests whether we are running on Windows PowerShell">
                <results>
                  <test-case description="Returns False if running Windows PowerShell" name="Test-PSCore.Tests whether we are running on Windows PowerShell.Returns False if running Windows PowerShell" time="0.0553" asserts="0" success="True" result="Success" executed="True" />
                </results>
              </test-suite>
            </results>
          </test-suite>
          <test-suite type="TestFixture" name="New-TemporaryFolder" executed="True" result="Success" success="True" time="1.8714" asserts="0" description="New-TemporaryFolder">
            <results>
              <test-suite type="TestFixture" name="New-TemporaryFolder.Test New-TemporaryFolder" executed="True" result="Success" success="True" time="0.0126" asserts="0" description="New-TemporaryFolder.Test New-TemporaryFolder">
                <results>
                  <test-case description="Creates a temporary directory" name="New-TemporaryFolder.Test New-TemporaryFolder.Creates a temporary directory" time="0.0056" asserts="0" success="True" result="Success" executed="True" />
                </results>
              </test-suite>
            </results>
          </test-suite>
        </results>
      </test-suite>
      <test-suite type="TestFixture" name="D:\a\vcredist\vcredist\tests\PublicFunctions.Tests.ps1" executed="True" result="Success" success="True" time="206.205" asserts="0" description="D:\a\vcredist\vcredist\tests\PublicFunctions.Tests.ps1">
        <results>
          <test-suite type="TestFixture" name="Validate Get-VcList for Visual C++ Redistributable for Visual Studio 2012 Update 4" executed="True" result="Success" success="True" time="0.0905" asserts="0" description="Validate Get-VcList for Visual C++ Redistributable for Visual Studio 2012 Update 4">
            <results>
              <test-suite type="TestFixture" name="Validate Get-VcList for Visual C++ Redistributable for Visual Studio 2012 Update 4.Validate Get-VcList array properties" executed="True" result="Success" success="True" time="0.0818" asserts="0" description="Validate Get-VcList for Visual C++ Redistributable for Visual Studio 2012 Update 4.Validate Get-VcList array properties">
                <results>
                  <test-case description="VcRedist [, ] has expected properties" name="Validate Get-VcList for Visual C++ Redistributable for Visual Studio 2012 Update 4.Validate Get-VcList array properties.VcRedist [, ] has expected properties" time="0.0753" asserts="0" success="True" result="Success" executed="True" />
                </results>
              </test-suite>
            </results>
          </test-suite>
          <test-suite type="TestFixture" name="Validate Get-VcList for Visual C++ Redistributable for Visual Studio 2012 Update 4" executed="True" result="Success" success="True" time="0.1308" asserts="0" description="Validate Get-VcList for Visual C++ Redistributable for Visual Studio 2012 Update 4">
            <results>
              <test-suite type="TestFixture" name="Validate Get-VcList for Visual C++ Redistributable for Visual Studio 2012 Update 4.Validate Get-VcList array properties" executed="True" result="Success" success="True" time="0.0346" asserts="0" description="Validate Get-VcList for Visual C++ Redistributable for Visual Studio 2012 Update 4.Validate Get-VcList array properties">
                <results>
                  <test-case description="VcRedist [, ] has expected properties" name="Validate Get-VcList for Visual C++ Redistributable for Visual Studio 2012 Update 4.Validate Get-VcList array properties.VcRedist [, ] has expected properties" time="0.0131" asserts="0" success="True" result="Success" executed="True" />
                </results>
              </test-suite>
            </results>
          </test-suite>
          <test-suite type="TestFixture" name="Validate Get-VcList for Visual C++ 2013 Update 5 Redistributable Package" executed="True" result="Success" success="True" time="0.1543" asserts="0" description="Validate Get-VcList for Visual C++ 2013 Update 5 Redistributable Package">
            <results>
              <test-suite type="TestFixture" name="Validate Get-VcList for Visual C++ 2013 Update 5 Redistributable Package.Validate Get-VcList array properties" executed="True" result="Success" success="True" time="0.0182" asserts="0" description="Validate Get-VcList for Visual C++ 2013 Update 5 Redistributable Package.Validate Get-VcList array properties">
                <results>
                  <test-case description="VcRedist [, ] has expected properties" name="Validate Get-VcList for Visual C++ 2013 Update 5 Redistributable Package.Validate Get-VcList array properties.VcRedist [, ] has expected properties" time="0.0128" asserts="0" success="True" result="Success" executed="True" />
                </results>
              </test-suite>
            </results>
          </test-suite>
          <test-suite type="TestFixture" name="Validate Get-VcList for Visual C++ 2013 Update 5 Redistributable Package" executed="True" result="Success" success="True" time="0.1788" asserts="0" description="Validate Get-VcList for Visual C++ 2013 Update 5 Redistributable Package">
            <results>
              <test-suite type="TestFixture" name="Validate Get-VcList for Visual C++ 2013 Update 5 Redistributable Package.Validate Get-VcList array properties" executed="True" result="Success" success="True" time="0.0191" asserts="0" description="Validate Get-VcList for Visual C++ 2013 Update 5 Redistributable Package.Validate Get-VcList array properties">
                <results>
                  <test-case description="VcRedist [, ] has expected properties" name="Validate Get-VcList for Visual C++ 2013 Update 5 Redistributable Package.Validate Get-VcList array properties.VcRedist [, ] has expected properties" time="0.0131" asserts="0" success="True" result="Success" executed="True" />
                </results>
              </test-suite>
            </results>
          </test-suite>
          <test-suite type="TestFixture" name="Validate Get-VcList for Visual C++ 2015 Redistributable Update 3" executed="True" result="Success" success="True" time="0.2028" asserts="0" description="Validate Get-VcList for Visual C++ 2015 Redistributable Update 3">
            <results>
              <test-suite type="TestFixture" name="Validate Get-VcList for Visual C++ 2015 Redistributable Update 3.Validate Get-VcList array properties" executed="True" result="Success" success="True" time="0.0186" asserts="0" description="Validate Get-VcList for Visual C++ 2015 Redistributable Update 3.Validate Get-VcList array properties">
                <results>
                  <test-case description="VcRedist [, ] has expected properties" name="Validate Get-VcList for Visual C++ 2015 Redistributable Update 3.Validate Get-VcList array properties.VcRedist [, ] has expected properties" time="0.0132" asserts="0" success="True" result="Success" executed="True" />
                </results>
              </test-suite>
            </results>
          </test-suite>
          <test-suite type="TestFixture" name="Validate Get-VcList for Visual C++ 2015 Redistributable Update 3" executed="True" result="Success" success="True" time="0.3808" asserts="0" description="Validate Get-VcList for Visual C++ 2015 Redistributable Update 3">
            <results>
              <test-suite type="TestFixture" name="Validate Get-VcList for Visual C++ 2015 Redistributable Update 3.Validate Get-VcList array properties" executed="True" result="Success" success="True" time="0.1725" asserts="0" description="Validate Get-VcList for Visual C++ 2015 Redistributable Update 3.Validate Get-VcList array properties">
                <results>
                  <test-case description="VcRedist [, ] has expected properties" name="Validate Get-VcList for Visual C++ 2015 Redistributable Update 3.Validate Get-VcList array properties.VcRedist [, ] has expected properties" time="0.0161" asserts="0" success="True" result="Success" executed="True" />
                </results>
              </test-suite>
            </results>
          </test-suite>
          <test-suite type="TestFixture" name="Validate Get-VcList for Visual C++ Redistributable for Visual Studio 2017" executed="True" result="Success" success="True" time="0.4031" asserts="0" description="Validate Get-VcList for Visual C++ Redistributable for Visual Studio 2017">
            <results>
              <test-suite type="TestFixture" name="Validate Get-VcList for Visual C++ Redistributable for Visual Studio 2017.Validate Get-VcList array properties" executed="True" result="Success" success="True" time="0.017" asserts="0" description="Validate Get-VcList for Visual C++ Redistributable for Visual Studio 2017.Validate Get-VcList array properties">
                <results>
                  <test-case description="VcRedist [, ] has expected properties" name="Validate Get-VcList for Visual C++ Redistributable for Visual Studio 2017.Validate Get-VcList array properties.VcRedist [, ] has expected properties" time="0.0116" asserts="0" success="True" result="Success" executed="True" />
                </results>
              </test-suite>
            </results>
          </test-suite>
          <test-suite type="TestFixture" name="Validate Get-VcList for Visual C++ Redistributable for Visual Studio 2017" executed="True" result="Success" success="True" time="0.4252" asserts="0" description="Validate Get-VcList for Visual C++ Redistributable for Visual Studio 2017">
            <results>
              <test-suite type="TestFixture" name="Validate Get-VcList for Visual C++ Redistributable for Visual Studio 2017.Validate Get-VcList array properties" executed="True" result="Success" success="True" time="0.0168" asserts="0" description="Validate Get-VcList for Visual C++ Redistributable for Visual Studio 2017.Validate Get-VcList array properties">
                <results>
                  <test-case description="VcRedist [, ] has expected properties" name="Validate Get-VcList for Visual C++ Redistributable for Visual Studio 2017.Validate Get-VcList array properties.VcRedist [, ] has expected properties" time="0.0116" asserts="0" success="True" result="Success" executed="True" />
                </results>
              </test-suite>
            </results>
          </test-suite>
          <test-suite type="TestFixture" name="Validate Get-VcList for Visual C++ Redistributable for Visual Studio 2019" executed="True" result="Success" success="True" time="0.4518" asserts="0" description="Validate Get-VcList for Visual C++ Redistributable for Visual Studio 2019">
            <results>
              <test-suite type="TestFixture" name="Validate Get-VcList for Visual C++ Redistributable for Visual Studio 2019.Validate Get-VcList array properties" executed="True" result="Success" success="True" time="0.0213" asserts="0" description="Validate Get-VcList for Visual C++ Redistributable for Visual Studio 2019.Validate Get-VcList array properties">
                <results>
                  <test-case description="VcRedist [, ] has expected properties" name="Validate Get-VcList for Visual C++ Redistributable for Visual Studio 2019.Validate Get-VcList array properties.VcRedist [, ] has expected properties" time="0.0159" asserts="0" success="True" result="Success" executed="True" />
                </results>
              </test-suite>
            </results>
          </test-suite>
          <test-suite type="TestFixture" name="Validate Get-VcList for Visual C++ Redistributable for Visual Studio 2019" executed="True" result="Success" success="True" time="0.4739" asserts="0" description="Validate Get-VcList for Visual C++ Redistributable for Visual Studio 2019">
            <results>
              <test-suite type="TestFixture" name="Validate Get-VcList for Visual C++ Redistributable for Visual Studio 2019.Validate Get-VcList array properties" executed="True" result="Success" success="True" time="0.0169" asserts="0" description="Validate Get-VcList for Visual C++ Redistributable for Visual Studio 2019.Validate Get-VcList array properties">
                <results>
                  <test-case description="VcRedist [, ] has expected properties" name="Validate Get-VcList for Visual C++ Redistributable for Visual Studio 2019.Validate Get-VcList array properties.VcRedist [, ] has expected properties" time="0.0116" asserts="0" success="True" result="Success" executed="True" />
                </results>
              </test-suite>
            </results>
          </test-suite>
          <test-suite type="TestFixture" name="Validate Get-VcList for Visual C++ Redistributable for Visual Studio 2022" executed="True" result="Success" success="True" time="0.6502" asserts="0" description="Validate Get-VcList for Visual C++ Redistributable for Visual Studio 2022">
            <results>
              <test-suite type="TestFixture" name="Validate Get-VcList for Visual C++ Redistributable for Visual Studio 2022.Validate Get-VcList array properties" executed="True" result="Success" success="True" time="0.1707" asserts="0" description="Validate Get-VcList for Visual C++ Redistributable for Visual Studio 2022.Validate Get-VcList array properties">
                <results>
                  <test-case description="VcRedist [, ] has expected properties" name="Validate Get-VcList for Visual C++ Redistributable for Visual Studio 2022.Validate Get-VcList array properties.VcRedist [, ] has expected properties" time="0.0118" asserts="0" success="True" result="Success" executed="True" />
                </results>
              </test-suite>
            </results>
          </test-suite>
          <test-suite type="TestFixture" name="Validate Get-VcList for Visual C++ Redistributable for Visual Studio 2022" executed="True" result="Success" success="True" time="0.6731" asserts="0" description="Validate Get-VcList for Visual C++ Redistributable for Visual Studio 2022">
            <results>
              <test-suite type="TestFixture" name="Validate Get-VcList for Visual C++ Redistributable for Visual Studio 2022.Validate Get-VcList array properties" executed="True" result="Success" success="True" time="0.0175" asserts="0" description="Validate Get-VcList for Visual C++ Redistributable for Visual Studio 2022.Validate Get-VcList array properties">
                <results>
                  <test-case description="VcRedist [, ] has expected properties" name="Validate Get-VcList for Visual C++ Redistributable for Visual Studio 2022.Validate Get-VcList array properties.VcRedist [, ] has expected properties" time="0.0121" asserts="0" success="True" result="Success" executed="True" />
                </results>
              </test-suite>
            </results>
          </test-suite>
          <test-suite type="TestFixture" name="Validate manifest counts" executed="True" result="Success" success="True" time="1.0129" asserts="0" description="Validate manifest counts">
            <results>
              <test-suite type="TestFixture" name="Validate manifest counts.Return built-in manifest" executed="True" result="Success" success="True" time="0.3347" asserts="0" description="Validate manifest counts.Return built-in manifest">
                <results>
                  <test-case description="Given no parameters, it returns supported Visual C++ Redistributables" name="Validate manifest counts.Return built-in manifest.Given no parameters, it returns supported Visual C++ Redistributables" time="0.2034" asserts="0" success="True" result="Success" executed="True" />
                  <test-case description="Given valid parameter -Export All, it returns all Visual C++ Redistributables" name="Validate manifest counts.Return built-in manifest.Given valid parameter -Export All, it returns all Visual C++ Redistributables" time="0.0191" asserts="0" success="True" result="Success" executed="True" />
                  <test-case description="Given valid parameter -Export Supported, it returns all Visual C++ Redistributables" name="Validate manifest counts.Return built-in manifest.Given valid parameter -Export Supported, it returns all Visual C++ Redistributables" time="0.0913" asserts="0" success="True" result="Success" executed="True" />
                  <test-case description="Given valid parameter -Export Unsupported, it returns unsupported Visual C++ Redistributables" name="Validate manifest counts.Return built-in manifest.Given valid parameter -Export Unsupported, it returns unsupported Visual C++ Redistributables" time="0.0154" asserts="0" success="True" result="Success" executed="True" />
                </results>
              </test-suite>
            </results>
          </test-suite>
          <test-suite type="TestFixture" name="Validate manifest scenarios" executed="True" result="Success" success="True" time="1.8478" asserts="0" description="Validate manifest scenarios">
            <results>
              <test-suite type="TestFixture" name="Validate manifest scenarios.Validation" executed="True" result="Success" success="True" time="0.83" asserts="0" description="Validate manifest scenarios.Validation">
                <results>
                  <test-case description="Given valid parameter -Path, it returns Visual C++ Redistributables from an external manifest" name="Validate manifest scenarios.Validation.Given valid parameter -Path, it returns Visual C++ Redistributables from an external manifest" time="0.0465" asserts="0" success="True" result="Success" executed="True" />
                  <test-case description="Given an JSON file that does not exist, it should throw an error" name="Validate manifest scenarios.Validation.Given an JSON file that does not exist, it should throw an error" time="0.3323" asserts="0" success="True" result="Success" executed="True" />
                  <test-case description="Given an invalid JSON file, should throw an error on read" name="Validate manifest scenarios.Validation.Given an invalid JSON file, should throw an error on read" time="0.4277" asserts="0" success="True" result="Success" executed="True" />
                </results>
              </test-suite>
            </results>
          </test-suite>
          <test-suite type="TestFixture" name="Export-VcManifest" executed="True" result="Success" success="True" time="1.8873" asserts="0" description="Export-VcManifest">
            <results>
              <test-suite type="TestFixture" name="Export-VcManifest.Validation" executed="True" result="Success" success="True" time="0.0342" asserts="0" description="Export-VcManifest.Validation">
                <results>
                  <test-case description="Given valid parameter -Path, it exports an JSON file" name="Export-VcManifest.Validation.Given valid parameter -Path, it exports an JSON file" time="0.0056" asserts="0" success="True" result="Success" executed="True" />
                  <test-case description="Given valid parameter -Path, it exports an JSON file" name="Export-VcManifest.Validation.Given valid parameter -Path, it exports an JSON file" time="0.0045" asserts="0" success="True" result="Success" executed="True" />
                  <test-case description="Given an invalid path, it should throw an error" name="Export-VcManifest.Validation.Given an invalid path, it should throw an error" time="0.0097" asserts="0" success="True" result="Success" executed="True" />
                </results>
              </test-suite>
            </results>
          </test-suite>
          <test-suite type="TestFixture" name="Test-Downloads" executed="True" result="Success" success="True" time="4.4714" asserts="0" description="Test-Downloads">
            <results>
              <test-suite type="TestFixture" name="Test-Downloads.Download Redistributables" executed="True" result="Success" success="True" time="0.0232" asserts="0" description="Test-Downloads.Download Redistributables">
                <results>
                  <test-case description="Downloads supported Visual C++ Redistributables" name="Test-Downloads.Download Redistributables.Downloads supported Visual C++ Redistributables" time="0.0176" asserts="0" success="True" result="Success" executed="True" />
                </results>
              </test-suite>
            </results>
          </test-suite>
          <test-suite type="TestFixture" name="Save-VcRedist" executed="True" result="Success" success="True" time="5.6024" asserts="0" description="Save-VcRedist">
            <results>
              <test-suite type="TestFixture" name="Save-VcRedist.Download Redistributables" executed="True" result="Success" success="True" time="0.0684" asserts="0" description="Save-VcRedist.Download Redistributables">
                <results>
                  <test-case description="Returns an expected object type to the pipeline" name="Save-VcRedist.Download Redistributables.Returns an expected object type to the pipeline" time="0.0626" asserts="0" success="True" result="Success" executed="True" />
                </results>
              </test-suite>
            </results>
          </test-suite>
          <test-suite type="TestFixture" name="Save-VcRedist pipeline" executed="True" result="Success" success="True" time="6.7866" asserts="0" description="Save-VcRedist pipeline">
            <results>
              <test-suite type="TestFixture" name="Save-VcRedist pipeline.Test pipeline support" executed="True" result="Success" success="True" time="1.161" asserts="0" description="Save-VcRedist pipeline.Test pipeline support">
                <results>
                  <test-case description="Should not throw when passed via pipeline with no parameters" name="Save-VcRedist pipeline.Test pipeline support.Should not throw when passed via pipeline with no parameters" time="1.1555" asserts="0" success="True" result="Success" executed="True" />
                </results>
              </test-suite>
              <test-suite type="TestFixture" name="Save-VcRedist pipeline.Test fail scenarios" executed="True" result="Success" success="True" time="1.1735" asserts="0" description="Save-VcRedist pipeline.Test fail scenarios">
                <results>
                  <test-case description="Given an invalid path, it should throw an error" name="Save-VcRedist pipeline.Test fail scenarios.Given an invalid path, it should throw an error" time="0.0071" asserts="0" success="True" result="Success" executed="True" />
                </results>
              </test-suite>
            </results>
          </test-suite>
          <test-suite type="TestFixture" name="Import-VcIntuneApplication without IntuneWin32App" executed="True" result="Success" success="True" time="6.8961" asserts="0" description="Import-VcIntuneApplication without IntuneWin32App">
            <results>
              <test-suite type="TestFixture" name="Import-VcIntuneApplication without IntuneWin32App.Validate Import-VcIntuneApplication fail scenarios" executed="True" result="Success" success="True" time="0.0966" asserts="0" description="Import-VcIntuneApplication without IntuneWin32App.Validate Import-VcIntuneApplication fail scenarios">
                <results>
                  <test-case description="Should fail without IntuneWin32App" name="Import-VcIntuneApplication without IntuneWin32App.Validate Import-VcIntuneApplication fail scenarios.Should fail without IntuneWin32App" time="0.0911" asserts="0" success="True" result="Success" executed="True" />
                </results>
              </test-suite>
            </results>
          </test-suite>
          <test-suite type="TestFixture" name="Import-VcIntuneApplication without authentication" executed="True" result="Success" success="True" time="195.6376" asserts="0" description="Import-VcIntuneApplication without authentication">
            <results>
              <test-suite type="TestFixture" name="Import-VcIntuneApplication without authentication.Validate Import-VcIntuneApplication fail scenarios" executed="True" result="Success" success="True" time="0.0563" asserts="0" description="Import-VcIntuneApplication without authentication.Validate Import-VcIntuneApplication fail scenarios">
                <results>
                  <test-case description="Should fail without an authentication token" name="Import-VcIntuneApplication without authentication.Validate Import-VcIntuneApplication fail scenarios.Should fail without an authentication token" time="0.0405" asserts="0" success="True" result="Success" executed="True" />
                </results>
              </test-suite>
            </results>
          </test-suite>
        </results>
      </test-suite>
    </results>
  </test-suite>
</test-results>